\BOOKMARK [1][-]{section.1}{\376\377\225\356\230\230\221\315\217\360}{}% 1
\BOOKMARK [2][-]{subsection.1.1}{\376\377\200\314\146\157}{section.1}% 2
\BOOKMARK [2][-]{subsection.1.2}{\376\377\225\356\230\230\211\201\154\102}{section.1}% 3
\BOOKMARK [1][-]{section.2}{\376\377\173\046\123\367\213\364\146\016}{}% 4
\BOOKMARK [1][-]{section.3}{\376\377\225\356\230\230\122\006\147\220}{}% 5
\BOOKMARK [2][-]{subsection.3.1}{\376\377\166\370\143\247\226\065\154\342\147\137\211\206\166\326\116\016\040\034\121\371\127\121\040\035}{section.3}% 6
\BOOKMARK [2][-]{subsection.3.2}{\376\377\232\250\136\162\177\121\220\350\177\162}{section.3}% 7
\BOOKMARK [1][-]{section.4}{\376\377\152\041\127\213\120\107\213\276}{}% 8
\BOOKMARK [1][-]{section.5}{\376\377\152\041\127\213\136\372\172\313\116\016\154\102\211\343}{}% 9
\BOOKMARK [2][-]{subsection.5.1}{\376\377\225\356\230\230\0001\377\032\133\232\124\021\142\020\147\137\116\016\220\177\142\160\221\115\177\156}{section.5}% 10
\BOOKMARK [2][-]{subsection.5.2}{\376\377\225\356\230\230\0002\377\032\211\206\166\326\127\107\123\000\123\026\116\016\154\342\147\137\145\160\147\000\134\017\123\026}{section.5}% 11
\BOOKMARK [2][-]{subsection.5.3}{\376\377\225\356\230\230\0003\377\032\232\250\136\162\177\121\220\350\177\162\116\367\120\074\121\375\145\160}{section.5}% 12
\BOOKMARK [2][-]{subsection.5.4}{\376\377\225\356\230\230\0004\377\032\122\240\121\145\116\272\177\244\143\245\121\145\116\367\120\074}{section.5}% 13
\BOOKMARK [1][-]{section.6}{\376\377\176\323\147\234\122\006\147\220\116\016\123\357\211\306\123\026}{}% 14
\BOOKMARK [2][-]{subsection.6.1}{\376\377\166\370\143\247\226\065\211\206\166\326\160\355\122\233\126\376\116\016\154\342\147\137\136\003\134\100\171\072\117\213}{section.6}% 15
\BOOKMARK [2][-]{subsection.6.2}{\376\377\133\232\221\317\143\007\150\007\171\072\117\213}{section.6}% 16
\BOOKMARK [1][-]{section.7}{\376\377\152\041\127\213\213\304\116\367\116\016\145\071\217\333}{}% 17
\BOOKMARK [2][-]{subsection.7.1}{\376\377\117\030\160\271}{section.7}% 18
\BOOKMARK [2][-]{subsection.7.2}{\376\377\116\015\215\263}{section.7}% 19
\BOOKMARK [2][-]{subsection.7.3}{\376\377\145\071\217\333\145\271\124\021}{section.7}% 20
\BOOKMARK [1][-]{appendix.A}{\376\377\226\104\137\125\000A\377\032\173\046\123\367\210\145\121\105\116\016\145\160\143\156\230\204\131\004\164\006}{}% 21
\BOOKMARK [1][-]{appendix.B}{\376\377\226\104\137\125\000B\377\032\150\070\137\303\116\343\170\001}{}% 22
